0 info it worked if it ends with ok
1 verbose cli [ 'D:\\dev\\node.exe',
1 verbose cli   'D:\\dev\\node_modules\\npm\\bin\\npm-cli.js',
1 verbose cli   'install',
1 verbose cli   '-g',
1 verbose cli   'n' ]
2 info using npm@3.3.6
3 info using node@v5.0.0
4 silly loadCurrentTree Starting
5 silly install loadCurrentTree
6 silly install readGlobalPackageData
7 silly fetchPackageMetaData n
8 silly fetchNamedPackageData n
9 silly mapToRegistry name n
10 silly mapToRegistry using default registry
11 silly mapToRegistry registry https://registry.npmjs.org/
12 silly mapToRegistry uri https://registry.npmjs.org/n
13 verbose request uri https://registry.npmjs.org/n
14 verbose request no auth needed
15 info attempt registry request try #1 at 11:52:45
16 verbose request id becf567aaf834ecd
17 http request GET https://registry.npmjs.org/n
18 http 200 https://registry.npmjs.org/n
19 verbose headers { date: 'Wed, 20 Jun 2018 09:52:42 GMT',
19 verbose headers   'content-type': 'application/json; charset=UTF-8',
19 verbose headers   'transfer-encoding': 'chunked',
19 verbose headers   connection: 'close',
19 verbose headers   'set-cookie': [ '__cfduid=df453e762770134c28ab45f246e2ffd4c1529488362; expires=Thu, 20-Jun-19 09:52:42 GMT; path=/; domain=.registry.npmjs.org; HttpOnly' ],
19 verbose headers   'cache-control': 'max-age=300',
19 verbose headers   'cf-cache-status': 'HIT',
19 verbose headers   'cf-ray': '42dd581a8d5da8c9-CDG',
19 verbose headers   etag: 'W/"a32b2b3f2025635b37d588f9f3078ae1"',
19 verbose headers   'expect-ct': 'max-age=604800, report-uri="https://report-uri.cloudflare.com/cdn-cgi/beacon/expect-ct"',
19 verbose headers   'last-modified': 'Mon, 11 Jun 2018 18:07:59 GMT',
19 verbose headers   vary: 'accept-encoding, accept',
19 verbose headers   server: 'cloudflare',
19 verbose headers   'content-encoding': 'gzip' }
20 silly get cb [ 200,
20 silly get   { date: 'Wed, 20 Jun 2018 09:52:42 GMT',
20 silly get     'content-type': 'application/json; charset=UTF-8',
20 silly get     'transfer-encoding': 'chunked',
20 silly get     connection: 'close',
20 silly get     'set-cookie': [ '__cfduid=df453e762770134c28ab45f246e2ffd4c1529488362; expires=Thu, 20-Jun-19 09:52:42 GMT; path=/; domain=.registry.npmjs.org; HttpOnly' ],
20 silly get     'cache-control': 'max-age=300',
20 silly get     'cf-cache-status': 'HIT',
20 silly get     'cf-ray': '42dd581a8d5da8c9-CDG',
20 silly get     etag: 'W/"a32b2b3f2025635b37d588f9f3078ae1"',
20 silly get     'expect-ct': 'max-age=604800, report-uri="https://report-uri.cloudflare.com/cdn-cgi/beacon/expect-ct"',
20 silly get     'last-modified': 'Mon, 11 Jun 2018 18:07:59 GMT',
20 silly get     vary: 'accept-encoding, accept',
20 silly get     server: 'cloudflare',
20 silly get     'content-encoding': 'gzip' } ]
21 verbose get saving n to C:\Users\oguyot\AppData\Roaming\npm-cache\registry.npmjs.org\n\.cache.json
22 verbose makeDirectory C:\Users\oguyot\AppData\Roaming\npm-cache creation not in flight; initializing
23 verbose makeCacheDir UID & GID are irrelevant on win32
24 silly install normalizeTree
25 silly loadCurrentTree Finishing
26 silly loadIdealTree Starting
27 silly install loadIdealTree
28 silly cloneCurrentTree Starting
29 silly install cloneCurrentTreeToIdealTree
30 silly cloneCurrentTree Finishing
31 silly loadShrinkwrap Starting
32 silly install loadShrinkwrap
33 silly loadShrinkwrap Finishing
34 silly loadAllDepsIntoIdealTree Starting
35 silly install loadAllDepsIntoIdealTree
36 silly rollbackFailedOptional Starting
37 silly rollbackFailedOptional Finishing
38 silly runTopLevelLifecycles Starting
39 silly runTopLevelLifecycles Finishing
40 silly install printInstalled
41 verbose stack Error: Unsupported
41 verbose stack     at checkPlatform (D:\dev\node_modules\npm\node_modules\npm-install-checks\index.js:46:14)
41 verbose stack     at Array.<anonymous> (D:\dev\node_modules\npm\node_modules\slide\lib\bind-actor.js:15:8)
41 verbose stack     at LOOP (D:\dev\node_modules\npm\node_modules\slide\lib\chain.js:15:14)
41 verbose stack     at D:\dev\node_modules\npm\node_modules\slide\lib\chain.js:18:7
41 verbose stack     at checkEngine (D:\dev\node_modules\npm\node_modules\npm-install-checks\index.js:25:10)
41 verbose stack     at Array.<anonymous> (D:\dev\node_modules\npm\node_modules\slide\lib\bind-actor.js:15:8)
41 verbose stack     at LOOP (D:\dev\node_modules\npm\node_modules\slide\lib\chain.js:15:14)
41 verbose stack     at chain (D:\dev\node_modules\npm\node_modules\slide\lib\chain.js:20:5)
41 verbose stack     at module.exports.isInstallable (D:\dev\node_modules\npm\lib\install\validate-args.js:26:3)
41 verbose stack     at Array.<anonymous> (D:\dev\node_modules\npm\node_modules\slide\lib\bind-actor.js:15:8)
42 verbose pkgid n@2.1.12
43 verbose cwd D:\lp\libauto
44 error Windows_NT 10.0.17134
45 error argv "D:\\dev\\node.exe" "D:\\dev\\node_modules\\npm\\bin\\npm-cli.js" "install" "-g" "n"
46 error node v5.0.0
47 error npm  v3.3.6
48 error code EBADPLATFORM
49 error notsup Unsupported
49 error notsup Not compatible with your operating system or architecture: n@2.1.12
49 error notsup Valid OS:    !win32
49 error notsup Valid Arch:  any
49 error notsup Actual OS:   win32
49 error notsup Actual Arch: x64
50 verbose exit [ 1, true ]
